
Pipe Network Hydraulic Design

HYDRAULIC RESULTS FOR : C:\Users\41635\OneDrive - Bigen Group\41635\Tanganani\Ext 41\Asbuilt\PM\Asbuilt - Sewer  ---  02-03-2025
Job Description       : Asbuilt - Sewer

Design Parameters
=================
Ground level data source    :  Civil 3D TIN Surface = Tanganani NGL + Proposed
Pipe Schedule File          :  C:\Technocad\PipeMate2023\PVC-Class 34 Solid heavy duty.Sch
Manning Coefficient         :  0.0120
Minimum Nominal Diameter    :  160mm uPVC Class 34
Minimum Internal Diameter   :  151 mm
Starting Grade              :  1:  80
Minimum Cover               : 1000 mm
Design Pipe Full fraction   :  0.67 x Diameter for calculation of Qmax and Vmax.
Pipe inverts are forced to tie in at all manholes
Lower velocity flag         :  0.50 m/s
Upper velocity flag         :  2.50 m/s
Stormwater inflows used as presented
Inflows have been specified in l/s
Infiltration factor         :   0 %

==========================================================================================
Pipe   U/S    D/S       Grade  Length   ID   Peak      Qdes   Vdes      Qmax   Vmax   Cap.
 No     MH     MH         1:     (m)   (mm)  factor    (l/s)  (m/s)     (l/s)  (m/s)   %
==========================================================================================

BRANCH No1
   1 "MH01"  "MH02"    80.0    70.26   151    1.000      0.00   0.0      14.82   1.16   0.0
   2 "MH02"  "MH03"   200.0    32.28   151    1.000      0.00   0.0       9.37   0.73   0.0
   3 "MH03"  "MH04"   200.0    20.11   151    1.000      0.00   0.0       9.37   0.73   0.0
   4 "MH04"  "MH05"    32.4    73.35   151    1.000      0.00   0.0      23.28   1.82   0.0
   5 "MH05"  "MH06"    18.3    64.21   151    1.000      0.00   0.0      31.02   2.43   0.0
   6 "MH06"  "MH07"    28.9    72.16   151    1.000      0.00   0.0      24.65   1.93   0.0
   7 "MH07"  "MH08"    17.1    26.02   151    1.000      0.00   0.0      32.09   2.52   0.0
   8 "MH08"  "MH09"    18.9    67.04   151    1.000      0.00   0.0      30.46   2.39   0.0
   9 "MH09"  "MH10"    17.1    30.18   151    1.000      0.00   0.0      32.01   2.51   0.0
  10 "MH10"  "MH11"    16.0    32.80   151    1.000      0.00   0.0      33.11   2.60   0.0
  11 "MH11"  "MH12"    25.5    19.27   151    1.000      0.00   0.0      26.27   2.06   0.0
  12 "MH12"  "MH13"    36.5    39.90   151    1.000      0.00   0.0      21.94   1.72   0.0
  13 "MH13"  "MH14"    52.9    51.87   151    1.000      0.00   0.0      18.23   1.43   0.0
  14 "MH14"  "MH15"    86.9    68.34   151    1.000      0.00   0.0      14.22   1.11   0.0
  15 "MH15"  "MH16"    31.2    37.82   151    1.000      0.00   0.0      23.74   1.86   0.0
  16 "MH16"  "MH17"    20.4    55.79   151    1.000      0.00   0.0      29.32   2.30   0.0

BRANCH No2
  17 "MH18"  "MH19"    51.7    27.40   151    1.000      0.00   0.0      18.44   1.45   0.0
  18 "MH19"  "MH20"   200.0    61.34   151    1.000      0.00   0.0       9.37   0.73   0.0
  19 "MH20"  "MH21"   200.0    24.96   151    1.000      0.00   0.0       9.37   0.73   0.0
  20 "MH21"  "MH22"    24.3    61.11   151    1.000      0.00   0.0      26.90   2.11   0.0
  21 "MH22"  "MH23"    14.8    34.19   151    1.000      0.00   0.0      34.41   2.70   0.0
  22 "MH23"  "MH06"   200.0    52.20   151    1.000      0.00   0.0       9.37   0.73   0.0

BRANCH No3
  23 "MH24"  "MH22"    80.0    30.99   151    1.000      0.00   0.0      14.82   1.16   0.0

BRANCH No4
  24 "MH25"  "MH26"    80.0    78.77   151    1.000      0.00   0.0      14.82   1.16   0.0
  25 "MH26"  "MH23"   200.0    39.13   151    1.000      0.00   0.0       9.37   0.73   0.0

BRANCH No5
  26 "MH27"  "MH28"    80.0    71.48   151    1.000      0.00   0.0      14.82   1.16   0.0
  27 "MH28"  "MH29"   200.0    40.06   151    1.000      0.00   0.0       9.37   0.73   0.0
  28 "MH29"  "MH30"    29.2    48.80   151    1.000      0.00   0.0      24.55   1.92   0.0
  29 "MH30"  "MH08"    76.4    52.81   151    1.000      0.00   0.0      15.16   1.19   0.0

BRANCH No6
  30 "MH31"  "MH32"    35.0    20.12   151    1.000      0.00   0.0      22.41   1.76   0.0
  31 "MH32"  "MH30"    90.0    76.50   151    1.000      0.00   0.0      13.97   1.10   0.0

BRANCH No7
  32 "MH33"  "MH32"    22.8    17.78   151    1.000      0.00   0.0      27.78   2.18   0.0

BRANCH No8
  33 "MH34"  "MH35"    80.0    70.80   151    1.000      0.00   0.0      14.82   1.16   0.0
  34 "MH35"  "MH36"    74.4    39.73   151    1.000      0.00   0.0      15.37   1.20   0.0
  35 "MH36"  "MH37"    22.0    48.95   151    1.000      0.00   0.0      28.27   2.22   0.0
  36 "MH37"  "MH10"    60.6    52.01   151    1.000      0.00   0.0      17.03   1.33   0.0

BRANCH No9
  37 "MH38"  "MH39"    23.2    20.17   151    1.000      0.00   0.0      27.50   2.16   0.0
  38 "MH39"  "MH37"   101.4    76.92   151    1.000      0.00   0.0      13.16   1.03   0.0

BRANCH No10
  39 "MH40"  "MH39"    80.0    17.95   151    1.000      0.00   0.0      14.82   1.16   0.0

BRANCH No11
  40 "MH41"  "MH42"    24.7    15.30   151    1.000      0.00   0.0      26.69   2.09   0.0
  41 "MH42"  "MH43"    32.4    74.05   151    1.000      0.00   0.0      23.29   1.83   0.0
  42 "MH43"  "MH44"    29.0    79.82   151    1.000      0.00   0.0      24.61   1.93   0.0
  43 "MH44"  "MH45"    25.2    80.37   151    1.000      0.00   0.0      26.40   2.07   0.0
  44 "MH45"  "MH46"    22.6    80.70   151    1.000      0.00   0.0      27.85   2.18   0.0
  45 "MH46"  "MH47"    21.6    76.21   151    1.000      0.00   0.0      28.52   2.24   0.0
  46 "MH47"  "MH48"    30.1    26.97   151    1.000      0.00   0.0      24.16   1.89   0.0
  47 "MH48"  "MH49"   169.0    76.39   151    1.000      0.00   0.0      10.20   0.80   0.0
  48 "MH49"  "MH50"    50.4    79.86   151    1.000      0.00   0.0      18.68   1.46   0.0
  49 "MH50"  "MH12"    87.0    30.36   151    1.000      0.00   0.0      14.21   1.11   0.0

BRANCH No12
  50 "MH51"  "MH43"    45.3    17.60   151    1.000      0.00   0.0      19.70   1.54   0.0

BRANCH No13
  51 "MH52"  "MH53"    19.4    40.36   151    1.000      0.00   0.0      30.11   2.36   0.0
  52 "MH53"  "MH54"   200.0    48.61   151    1.000      0.00   0.0       9.37   0.73   0.0
  53 "MH54"  "MH55"    28.3    64.12   151    1.000      0.00   0.0      24.92   1.95   0.0
  54 "MH55"  "MH56"    24.0    17.51   151    1.000      0.00   0.0      27.08   2.12   0.0
  55 "MH56"  "MH57"    73.0    29.41   151    1.000      0.00   0.0      15.52   1.22   0.0
  56 "MH57"  "MH58"   118.0    74.08   151    1.000      0.00   0.0      12.20   0.96   0.0
  57 "MH58"  "MH59"    32.2    44.88   151    1.000      0.00   0.0      23.38   1.83   0.0
  58 "MH59"  "MH60"    33.8    42.27   151    1.000      0.00   0.0      22.79   1.79   0.0
  59 "MH60"  "MH61"    25.0    44.90   151    1.000      0.00   0.0      26.53   2.08   0.0
  60 "MH61"  "MH62"    23.5    60.69   151    1.000      0.00   0.0      27.36   2.15   0.0
  61 "MH62"  "MH63"    20.9    42.98   151    1.000      0.00   0.0      28.98   2.27   0.0
  62 "MH63"  "MH64"    16.8    71.10   151    1.000      0.00   0.0      32.29   2.53   0.0
  63 "MH64"  "MH65"    19.0    20.00   151    1.000      0.00   0.0      30.42   2.39   0.0
  64 "MH65"  "MH66"   200.1    20.42   151    1.000      0.00   0.0       9.37   0.73   0.0
  65 "MH66"  "MH16"   199.9    25.07   151    1.000      0.00   0.0       9.37   0.74   0.0

BRANCH No14
  66 "MH67"  "MH53"    80.0    31.88   151    1.000      0.00   0.0      14.82   1.16   0.0

BRANCH No15
  67 "MH68"  "MH69"    80.0    57.40   151    1.000      0.00   0.0      14.82   1.16   0.0
  68 "MH69"  "MH54"    25.6    56.92   151    1.000      0.00   0.0      26.19   2.05   0.0

BRANCH No16
  69 "MH70"  "MH71"    40.3    13.18   151    1.000      0.00   0.0      20.88   1.64   0.0
  70 "MH71"  "MH72"    38.2    79.99   151    1.000      0.00   0.0      21.44   1.68   0.0
  71 "MH72"  "MH73"    29.8    55.30   151    1.000      0.00   0.0      24.26   1.90   0.0
  72 "MH73"  "MH74"    46.9    47.33   151    1.000      0.00   0.0      19.35   1.52   0.0
  73 "MH74"  "MH75"    25.7    35.89   151    1.000      0.00   0.0      26.17   2.05   0.0
  74 "MH75"  "MH58"    25.4    19.16   151    1.000      0.00   0.0      26.30   2.06   0.0

BRANCH No17
  75 "MH76"  "MH77"    53.2    34.21   151    1.000      0.00   0.0      18.17   1.42   0.0
  76 "MH77"  "MH78"    40.1    69.59   151    1.000      0.00   0.0      20.92   1.64   0.0
  77 "MH78"  "MH74"    29.0    57.63   151    1.000      0.00   0.0      24.61   1.93   0.0

BRANCH No18
  78 "MH79"  "MH80"    80.0    80.21   151    1.000      0.00   0.0      14.82   1.16   0.0
  79 "MH80"  "MH81"    37.3    79.53   151    1.000      0.00   0.0      21.70   1.70   0.0
  80 "MH81"  "MH82"    25.0    38.90   151    1.000      0.00   0.0      26.51   2.08   0.0
  81 "MH82"  "MH83"    22.6     9.94   151    1.000      0.00   0.0      27.85   2.18   0.0
  82 "MH83"  "MH60"    29.5    50.71   151    1.000      0.00   0.0      24.41   1.91   0.0

BRANCH No19
  83 "MH84"  "MH85"    21.4    19.94   151    1.000      0.00   0.0      28.68   2.25   0.0
  84 "MH85"  "MH83"    54.6   131.39   151    1.000      0.00   0.0      17.93   1.41   0.0

BRANCH No20
  85 "MH86"  "MH85"    80.0    20.49   151    1.000      0.00   0.0      14.82   1.16   0.0

BRANCH No21
  86 "MH87"  "MH88"    80.0    80.21   151    1.000      0.00   0.0      14.82   1.16   0.0
  87 "MH88"  "MH89"    48.3    72.89   151    1.000      0.00   0.0      19.07   1.50   0.0
  88 "MH89"  "MH90"    70.4    17.89   151    1.000      0.00   0.0      15.80   1.24   0.0
  89 "MH90"  "MH91"    22.1    45.05   151    1.000      0.00   0.0      28.21   2.21   0.0
  90 "MH91"  "MH92"    33.9    34.05   151    1.000      0.00   0.0      22.77   1.79   0.0
  91 "MH92"  "MH62"    20.9    17.62   151    1.000      0.00   0.0      29.00   2.27   0.0

BRANCH No22
  92 "MH93"  "MH94"    20.3    17.52   151    1.000      0.00   0.0      29.45   2.31   0.0
  93 "MH94"  "MH95"   108.5    67.93   151    1.000      0.00   0.0      12.72   1.00   0.0
  94 "MH95"  "MH91"    84.1    71.69   151    1.000      0.00   0.0      14.45   1.13   0.0

BRANCH No23
  95 "MH96"  "MH94"    80.0    18.56   151    1.000      0.00   0.0      14.82   1.16   0.0

BRANCH No24
  96 "MH97"  "MH98"    59.4    74.64   151    1.000      0.00   0.0      17.20   1.35   0.0
  97 "MH98"  "MH99"    79.9    49.53   151    1.000      0.00   0.0      14.83   1.16   0.0
  98 "MH99"  "MH100"    51.1    50.45   151    1.000      0.00   0.0      18.55   1.45   0.0
  99 "MH100"  "MH101"    24.9    48.78   151    1.000      0.00   0.0      26.54   2.08   0.0
 100 "MH101"  "MH102"    14.4    37.56   151    1.000      0.00   0.0      34.94   2.74   0.0
 101 "MH102"  "MH16"     7.7    12.62   151    1.000      0.00   0.0      47.70   3.74   0.0

BRANCH No25
 102 "MH103"  "MH104"    16.4    25.26   151    1.000      0.00   0.0      32.77   2.57   0.0
 103 "MH104"  "MH105"    87.0    75.79   151    1.000      0.00   0.0      14.21   1.11   0.0
 104 "MH105"  "MH101"   125.8    78.14   151    1.000      0.00   0.0      11.82   0.93   0.0

BRANCH No26
 105 "MH106"  "MH13"    22.8    12.21   151    1.000      0.00   0.0      27.74   2.18   0.0
